<?xml version="1.0" encoding="UTF-8"?>
<!-- Generated by org.testng.reporters.JUnitXMLReporter -->
<testsuite ignored="9" hostname="DESKTOP-FVNSSMO" failures="1" tests="1" name="Test" time="55.892" errors="0" timestamp="2024-10-07T10:56:13 IST">
  <testcase classname="QAlegendTestCases.TestCases" name="verifyAddSalesCommission" time="20.748">
    <failure type="org.openqa.selenium.ElementNotInteractableException" message="element not interactable
  (Session info: MicrosoftEdge=129.0.2792.79)
Build info: version: &amp;apos;4.23.0&amp;apos;, revision: &amp;apos;4df0a231af&amp;apos;
System info: os.name: &amp;apos;Windows 10&amp;apos;, os.arch: &amp;apos;amd64&amp;apos;, os.version: &amp;apos;10.0&amp;apos;, java.version: &amp;apos;17.0.10&amp;apos;
Driver info: org.openqa.selenium.edge.EdgeDriver
Command: [dcc5e70d68da3448c70270b494bb56c9, sendKeysToElement {value=[Ljava.lang.CharSequence;@20011bf, id=f.FC265900192183FFFD9C571E659E5F0E.d.9DC3B0B2375CA6793565D9A2450A04F1.e.104}]
Capabilities {acceptInsecureCerts: false, browserName: MicrosoftEdge, browserVersion: 129.0.2792.79, fedcm:accounts: true, ms:edgeOptions: {debuggerAddress: localhost:58197}, msedge: {msedgedriverVersion: 129.0.2792.79 (47754e458450..., userDataDir: C:\Users\lenovo\AppData\Loc...}, networkConnectionEnabled: false, pageLoadStrategy: normal, platformName: windows, proxy: Proxy(), se:cdp: ws://localhost:58197/devtoo..., se:cdpVersion: 129.0.2792.79, setWindowRect: true, strictFileInteractability: false, timeouts: {implicit: 0, pageLoad: 300000, script: 30000}, unhandledPromptBehavior: dismiss and notify, webauthn:extension:credBlob: true, webauthn:extension:largeBlob: true, webauthn:extension:minPinLength: true, webauthn:extension:prf: true, webauthn:virtualAuthenticators: true}
Element: [[EdgeDriver: MicrosoftEdge on windows (dcc5e70d68da3448c70270b494bb56c9)] -&amp;gt; xpath: //input[@class=&amp;apos;form-control input-sm&amp;apos;]]
Session ID: dcc5e70d68da3448c70270b494bb56c9">
      <![CDATA[org.openqa.selenium.ElementNotInteractableException: element not interactable
  (Session info: MicrosoftEdge=129.0.2792.79)
Build info: version: '4.23.0', revision: '4df0a231af'
System info: os.name: 'Windows 10', os.arch: 'amd64', os.version: '10.0', java.version: '17.0.10'
Driver info: org.openqa.selenium.edge.EdgeDriver
Command: [dcc5e70d68da3448c70270b494bb56c9, sendKeysToElement {value=[Ljava.lang.CharSequence;@20011bf, id=f.FC265900192183FFFD9C571E659E5F0E.d.9DC3B0B2375CA6793565D9A2450A04F1.e.104}]
Capabilities {acceptInsecureCerts: false, browserName: MicrosoftEdge, browserVersion: 129.0.2792.79, fedcm:accounts: true, ms:edgeOptions: {debuggerAddress: localhost:58197}, msedge: {msedgedriverVersion: 129.0.2792.79 (47754e458450..., userDataDir: C:\Users\lenovo\AppData\Loc...}, networkConnectionEnabled: false, pageLoadStrategy: normal, platformName: windows, proxy: Proxy(), se:cdp: ws://localhost:58197/devtoo..., se:cdpVersion: 129.0.2792.79, setWindowRect: true, strictFileInteractability: false, timeouts: {implicit: 0, pageLoad: 300000, script: 30000}, unhandledPromptBehavior: dismiss and notify, webauthn:extension:credBlob: true, webauthn:extension:largeBlob: true, webauthn:extension:minPinLength: true, webauthn:extension:prf: true, webauthn:virtualAuthenticators: true}
Element: [[EdgeDriver: MicrosoftEdge on windows (dcc5e70d68da3448c70270b494bb56c9)] -> xpath: //input[@class='form-control input-sm']]
Session ID: dcc5e70d68da3448c70270b494bb56c9
at org.openqa.selenium.remote.ErrorCodec.decode(ErrorCodec.java:167)
at org.openqa.selenium.remote.codec.w3c.W3CHttpResponseCodec.decode(W3CHttpResponseCodec.java:138)
at org.openqa.selenium.remote.codec.w3c.W3CHttpResponseCodec.decode(W3CHttpResponseCodec.java:50)
at org.openqa.selenium.remote.HttpCommandExecutor.execute(HttpCommandExecutor.java:190)
at org.openqa.selenium.remote.service.DriverCommandExecutor.invokeExecute(DriverCommandExecutor.java:216)
at org.openqa.selenium.remote.service.DriverCommandExecutor.execute(DriverCommandExecutor.java:174)
at org.openqa.selenium.remote.RemoteWebDriver.execute(RemoteWebDriver.java:527)
at org.openqa.selenium.remote.RemoteWebElement.execute(RemoteWebElement.java:223)
at org.openqa.selenium.remote.RemoteWebElement.sendKeys(RemoteWebElement.java:110)
at org.openqa.selenium.support.pagefactory.internal.LocatingElementHandler.invoke(LocatingElementHandler.java:51)
at jdk.proxy2/jdk.proxy2.$Proxy12.sendKeys(Unknown Source)
at Utilities.PageUtilities.enterText(PageUtilities.java:22)
at PageClasses.QAlegendSalesCommissionPage.searchCommissionAgent(QAlegendSalesCommissionPage.java:75)
at QAlegendTestCases.TestCases.verifyAddSalesCommission(TestCases.java:123)
at java.base/java.util.ArrayList.forEach(ArrayList.java:1511)
... Removed 36 stack frames]]>
    </failure>
  </testcase> <!-- verifyAddSalesCommission -->
  <testcase classname="QAlegendTestCases.TestCases" name="verifyDeleteUser" time="0.0">
    <ignored/>
  </testcase> <!-- verifyDeleteUser -->
  <testcase classname="QAlegendTestCases.TestCases" name="verifyAddCustomer" time="0.0">
    <ignored/>
  </testcase> <!-- verifyAddCustomer -->
  <testcase classname="QAlegendTestCases.TestCases" name="verifyAddBrands" time="0.0">
    <ignored/>
  </testcase> <!-- verifyAddBrands -->
  <testcase classname="QAlegendTestCases.TestCases" name="verifyAddCustomerGroup" time="0.0">
    <ignored/>
  </testcase> <!-- verifyAddCustomerGroup -->
  <testcase classname="QAlegendTestCases.TestCases" name="verifyAddRoles" time="0.0">
    <ignored/>
  </testcase> <!-- verifyAddRoles -->
  <testcase classname="QAlegendTestCases.TestCases" name="verifyAddUser" time="0.0">
    <ignored/>
  </testcase> <!-- verifyAddUser -->
  <testcase classname="QAlegendTestCases.TestCases" name="verifyAddCategories" time="0.0">
    <ignored/>
  </testcase> <!-- verifyAddCategories -->
  <testcase classname="QAlegendTestCases.TestCases" name="verifyAddUnits" time="0.0">
    <ignored/>
  </testcase> <!-- verifyAddUnits -->
  <testcase classname="QAlegendTestCases.TestCases" name="verifyAddSuppliers" time="0.0">
    <ignored/>
  </testcase> <!-- verifyAddSuppliers -->
</testsuite> <!-- Test -->
